build/app/outputs/mapping/release/seeds.txt
com.example.agenda_estudante.MainActivity
com.example.agenda_estudante.MainActivity: MainActivity()
...
io.flutter.embedding.engine.FlutterJNI: void loadLibrary()
com.google.android.gms.internal.firebase-auth-api.zzir
com.google.android.gms.internal.firebase-auth-api.zzhw: com.google.android.gms.internal.firebase-auth-api.zzhz zze
io.flutter.embedding.engine.FlutterJNI: void nativePrefetchDefaultFontManager()
androidx.lifecycle.Lifecycle$Event: androidx.lifecycle.Lifecycle$Event ON_STOP
androidx.activity.ComponentActivity$2
com.google.android.gms.internal.firebase-auth-api.zzff: com.google.android.gms.internal.firebase-auth-api.zzfi zze
io.flutter.embedding.android.DrawableSplashScreen$DrawableSplashScreenView
com.google.firebase.datatransport.TransportRegistrar
com.google.android.gms.internal.firebase-auth-api.zzgm
com.google.android.gms.internal.firebase-auth-api.zzacq: com.google.android.gms.internal.firebase-auth-api.zzacq[] values()
io.flutter.view.FlutterCallbackInformation: FlutterCallbackInformation(java.lang.String,java.lang.String,java.lang.String)
com.google.android.gms.internal.firebase-auth-api.zzet
io.flutter.embedding.engine.FlutterJNI: void requestDartDeferredLibrary(int)
io.flutter.embedding.engine.FlutterJNI: long performNativeAttach(io.flutter.embedding.engine.FlutterJNI,boolean)
com.google.android.gms.internal.firebase-auth-api.zziv: int zzh
com.google.android.gms.common.internal.ConnectionTelemetryConfiguration: android.os.Parcelable$Creator CREATOR
io.flutter.embedding.engine.mutatorsstack.FlutterMutatorsStack: java.util.List getFinalClippingPaths()
androidx.fragment.app.BackStackState: android.os.Parcelable$Creator CREATOR
com.google.android.gms.internal.firebase-auth-api.zzfo: com.google.android.gms.internal.firebase-auth-api.zzfr zze
com.google.firebase.messaging.reporting.MessagingClientEvent$Event: com.google.firebase.messaging.reporting.MessagingClientEvent$Event[] values()
androidx.lifecycle.ReportFragment$LifecycleCallbacks: void onActivityPaused(android.app.Activity)
com.google.android.gms.internal.firebase-auth-api.zzim: java.lang.String zzi
io.flutter.plugins.firebase.messaging.FlutterFirebaseMessagingReceiver: FlutterFirebaseMessagingReceiver()
io.flutter.embedding.engine.FlutterJNI: void nativeLoadDartDeferredLibrary(long,int,java.lang.String[])
com.google.android.gms.internal.firebase-auth-api.zzgj: int zze
com.google.android.gms.internal.firebase-auth-api.zzgr: com.google.android.gms.internal.firebase-auth-api.zzgr[] values()
com.google.android.gms.internal.firebase-auth-api.zzht: com.google.android.gms.internal.firebase-auth-api.zzht zzb
io.flutter.embedding.engine.FlutterJNI: void updateJavaAssetManager(android.content.res.AssetManager,java.lang.String)
io.flutter.embedding.engine.FlutterJNI: boolean prefetchDefaultFontManagerCalled
androidx.lifecycle.ReportFragment$LifecycleCallbacks: ReportFragment$LifecycleCallbacks()
com.google.android.gms.internal.firebase-auth-api.zzgg: com.google.android.gms.internal.firebase-auth-api.zzyu zzf
io.flutter.view.AccessibilityViewEmbedder: boolean onAccessibilityHoverEvent(int,android.view.MotionEvent)
com.google.firebase.installations.FirebaseInstallationsRegistrar: FirebaseInstallationsRegistrar()
com.google.android.gms.internal.firebase-auth-api.zzid: com.google.android.gms.internal.firebase-auth-api.zzid[] values()
com.google.android.gms.internal.firebase-auth-api.zzeq: com.google.android.gms.internal.firebase-auth-api.zzeq zzb
com.google.android.gms.dynamite.descriptors.com.google.firebase.auth.ModuleDescriptor: int MODULE_VERSION
androidx.core.app.JobIntentService: JobIntentService()
androidx.lifecycle.DefaultLifecycleObserver
com.google.android.gms.common.annotation.KeepName
com.google.firebase.dynamiclinks.internal.FirebaseDynamicLinkRegistrar: com.google.firebase.dynamiclinks.FirebaseDynamicLinks lambda$getComponents$0$FirebaseDynamicLinkRegistrar(com.google.firebase.components.ComponentContainer)
io.flutter.embedding.engine.FlutterJNI: void ensureAttachedToNative()