build/app/outputs/mapping/release/mapping.txt
# compiler: R8
# compiler_version: 2.1.62
# min_api: 16
# pg_map_id: dca2a38
# common_typos_disable
...
com.google.android.datatransport.cct.CctTransportBackend -> com.google.android.datatransport.cct.d:
    android.net.ConnectivityManager connectivityManager -> b
    android.content.Context applicationContext -> c
    int readTimeout -> g
    java.net.URL endPoint -> d
    com.google.android.datatransport.runtime.time.Clock wallTimeClock -> f
    com.google.android.datatransport.runtime.time.Clock uptimeClock -> e
    com.google.firebase.encoders.DataEncoder dataEncoder -> a
    com.google.android.datatransport.runtime.EventInternal decorate(com.google.android.datatransport.runtime.EventInternal) -> a
    com.google.android.datatransport.runtime.backends.BackendResponse send(com.google.android.datatransport.runtime.backends.BackendRequest) -> b
    com.google.android.datatransport.cct.CctTransportBackend$HttpResponse doSend(com.google.android.datatransport.cct.CctTransportBackend$HttpRequest) -> c
    int getNetSubtypeValue(android.net.NetworkInfo) -> d
    int getNetTypeValue(android.net.NetworkInfo) -> e
    int getPackageVersionCode(android.content.Context) -> f
    com.google.android.datatransport.cct.internal.BatchedLogRequest getRequestBody(com.google.android.datatransport.runtime.backends.BackendRequest) -> g
    android.telephony.TelephonyManager getTelephonyManager(android.content.Context) -> h
    long getTzOffset() -> i
com.google.android.datatransport.cct.CctTransportBackend$HttpRequest -> com.google.android.datatransport.cct.d$a:
    java.net.URL url -> a
    java.lang.String apiKey -> c
    com.google.android.datatransport.cct.internal.BatchedLogRequest requestBody -> b
    com.google.android.datatransport.cct.CctTransportBackend$HttpRequest withUrl(java.net.URL) -> a
com.google.android.datatransport.cct.CctTransportBackend$HttpResponse -> com.google.android.datatransport.cct.d$b:
    java.net.URL redirectUrl -> b
    long nextRequestMillis -> c
    int code -> a
com.google.android.datatransport.cct.StringMerger -> com.google.android.datatransport.cct.e:
    java.lang.String mergeStrings(java.lang.String,java.lang.String) -> a
com.google.android.datatransport.cct.internal.AndroidClientInfo -> com.google.android.datatransport.cct.f.a:
    com.google.android.datatransport.cct.internal.AndroidClientInfo$Builder builder() -> a
    java.lang.String getApplicationBuild() -> b
    java.lang.String getCountry() -> c
    java.lang.String getDevice() -> d
    java.lang.String getFingerprint() -> e
    java.lang.String getHardware() -> f
    java.lang.String getLocale() -> g
    java.lang.String getManufacturer() -> h
    java.lang.String getMccMnc() -> i
    java.lang.String getModel() -> j
    java.lang.String getOsBuild() -> k
    java.lang.String getProduct() -> l
    java.lang.Integer getSdkVersion() -> m