build/app/outputs/mapping/release/usage.txt
com.example.agenda_estudante.R$layout
com.example.agenda_estudante.R$attr
com.example.agenda_estudante.R$color
com.example.agenda_estudante.R$xml
com.example.agenda_estudante.R$string
com.example.agenda_estudante.BuildConfig
com.example.agenda_estudante.R$dimen
com.example.agenda_estudante.R$drawable
com.example.agenda_estudante.R$id
com.example.agenda_estudante.R$integer
com.example.agenda_estudante.R$styleable
com.example.agenda_estudante.R
com.example.agenda_estudante.R$style
com.example.agenda_estudante.R$mipmap
...
kotlin.collections.unsigned.UArraysKt___UArraysKt$withIndex$1
androidx.activity.R$layout
androidx.viewpager.R$style
kotlin.time.AbstractDoubleClock
com.google.common.collect.MapMakerInternalMap$StrongKeyDummyValueSegment
io.flutter.view.FlutterMain:
    public void <init>()
    public static void startInitialization(android.content.Context,io.flutter.view.FlutterMain$Settings)
    public static void ensureInitializationComplete(android.content.Context,java.lang.String[])
    public static java.lang.String findAppBundlePath(android.content.Context)
    public static java.lang.String getLookupKeyForAsset(java.lang.String)
    public static java.lang.String getLookupKeyForAsset(java.lang.String,java.lang.String)
kotlin.io.FileTreeWalk$FileTreeWalkIterator
com.google.common.collect.MapMakerInternalMap$WeakValueReference
kotlin.experimental.BitwiseOperationsKt
com.google.common.util.concurrent.CycleDetectingLockFactory$PotentialDeadlockException
androidx.core.app.ActivityRecreator$3
com.google.android.gms.common.api.internal.UnregisterListenerMethod:
    protected void <init>(com.google.android.gms.common.api.internal.ListenerHolder$ListenerKey)
    public com.google.android.gms.common.api.internal.ListenerHolder$ListenerKey getListenerKey()
    private final com.google.android.gms.common.api.internal.ListenerHolder$ListenerKey zaa
com.google.common.collect.PeekingIterator
com.google.android.gms.common.api.internal.TaskUtil:
    public void <init>()
    public static boolean trySetResultOrApiException(com.google.android.gms.common.api.Status,java.lang.Object,com.google.android.gms.tasks.TaskCompletionSource)
    public static com.google.android.gms.tasks.Task toVoidTaskThatFailsOnFalse(com.google.android.gms.tasks.Task)
com.google.common.base.Equivalence$Equals
com.google.common.graph.NetworkConnections
com.google.common.io.ByteSink$1
com.google.android.gms.internal.safetynet.zzw
com.google.common.io.Closer$SuppressingSuppressor
com.google.firebase.auth.internal.zzo:
    public final java.lang.String getData(int)
com.google.common.reflect.Types$JavaVersion$4
androidx.loader.content.ModernAsyncTask$1
androidx.annotation.NavigationRes
androidx.core.view.accessibility.AccessibilityNodeInfoCompat
com.google.common.collect.Iterators$PeekingImpl
com.google.android.gms.internal.firebase-auth-api.zzfm:
    static void <clinit>()
    static final synthetic int[] zza
com.google.android.gms.common.data.FreezableUtils
kotlin.UseExperimental
com.google.common.collect.ImmutableClassToInstanceMap$1
com.google.common.collect.Iterables$10
com.google.common.reflect.TypeResolver$TypeTable$1
com.google.android.gms.internal.firebase-auth-api.zzqm